<?xml version="1.0" encoding="UTF-8"?>
<!-- Generated by org.testng.reporters.JUnitReportReporter -->
<testsuite hostname="Sandeep3052-03" failures="0" tests="1" name="testcases.WikipediaTest" time="90.059" errors="0" timestamp="2022-07-22T03:07:16 PDT" skipped="0">
  <testcase classname="testcases.WikipediaTest" name="verifTest" time="90.059"/>
  <system-out/>
</testsuite> <!-- testcases.WikipediaTest -->
